{"C:\\Users\\Weng\\riseUp\\app\\context\\SavedContext.tsx": {"path":"C:\\Users\\Weng\\riseUp\\app\\context\\SavedContext.tsx","statementMap":{"0":{"start":{"line":57,"column":21},"end":{"line":57,"column":75}},"1":{"start":{"line":60,"column":46},"end":{"line":125,"column":1}},"2":{"start":{"line":128,"column":64},"end":{"line":253,"column":1}},"3":{"start":{"line":129,"column":36},"end":{"line":129,"column":60}},"4":{"start":{"line":130,"column":40},"end":{"line":130,"column":66}},"5":{"start":{"line":131,"column":48},"end":{"line":131,"column":70}},"6":{"start":{"line":132,"column":40},"end":{"line":132,"column":62}},"7":{"start":{"line":135,"column":18},"end":{"line":144,"column":3}},"8":{"start":{"line":136,"column":4},"end":{"line":143,"column":7}},"9":{"start":{"line":138,"column":6},"end":{"line":140,"column":7}},"10":{"start":{"line":138,"column":32},"end":{"line":138,"column":54}},"11":{"start":{"line":139,"column":8},"end":{"line":139,"column":20}},"12":{"start":{"line":141,"column":6},"end":{"line":141,"column":56}},"13":{"start":{"line":142,"column":6},"end":{"line":142,"column":28}},"14":{"start":{"line":147,"column":20},"end":{"line":153,"column":3}},"15":{"start":{"line":148,"column":4},"end":{"line":152,"column":7}},"16":{"start":{"line":149,"column":23},"end":{"line":149,"column":59}},"17":{"start":{"line":149,"column":42},"end":{"line":149,"column":58}},"18":{"start":{"line":150,"column":6},"end":{"line":150,"column":56}},"19":{"start":{"line":151,"column":6},"end":{"line":151,"column":22}},"20":{"start":{"line":156,"column":20},"end":{"line":165,"column":3}},"21":{"start":{"line":157,"column":4},"end":{"line":164,"column":7}},"22":{"start":{"line":159,"column":6},"end":{"line":161,"column":7}},"23":{"start":{"line":159,"column":34},"end":{"line":159,"column":60}},"24":{"start":{"line":160,"column":8},"end":{"line":160,"column":20}},"25":{"start":{"line":162,"column":6},"end":{"line":162,"column":60}},"26":{"start":{"line":163,"column":6},"end":{"line":163,"column":30}},"27":{"start":{"line":168,"column":22},"end":{"line":174,"column":3}},"28":{"start":{"line":169,"column":4},"end":{"line":173,"column":7}},"29":{"start":{"line":170,"column":23},"end":{"line":170,"column":65}},"30":{"start":{"line":170,"column":44},"end":{"line":170,"column":64}},"31":{"start":{"line":171,"column":6},"end":{"line":171,"column":60}},"32":{"start":{"line":172,"column":6},"end":{"line":172,"column":22}},"33":{"start":{"line":177,"column":24},"end":{"line":186,"column":3}},"34":{"start":{"line":178,"column":4},"end":{"line":185,"column":7}},"35":{"start":{"line":179,"column":6},"end":{"line":181,"column":7}},"36":{"start":{"line":180,"column":8},"end":{"line":180,"column":20}},"37":{"start":{"line":182,"column":20},"end":{"line":182,"column":61}},"38":{"start":{"line":182,"column":44},"end":{"line":182,"column":60}},"39":{"start":{"line":183,"column":6},"end":{"line":183,"column":65}},"40":{"start":{"line":184,"column":6},"end":{"line":184,"column":32}},"41":{"start":{"line":189,"column":21},"end":{"line":197,"column":3}},"42":{"start":{"line":190,"column":4},"end":{"line":196,"column":7}},"43":{"start":{"line":191,"column":6},"end":{"line":193,"column":7}},"44":{"start":{"line":192,"column":8},"end":{"line":192,"column":20}},"45":{"start":{"line":194,"column":6},"end":{"line":194,"column":46}},"46":{"start":{"line":195,"column":6},"end":{"line":195,"column":30}},"47":{"start":{"line":200,"column":33},"end":{"line":206,"column":3}},"48":{"start":{"line":201,"column":4},"end":{"line":205,"column":7}},"49":{"start":{"line":202,"column":23},"end":{"line":202,"column":54}},"50":{"start":{"line":202,"column":41},"end":{"line":202,"column":53}},"51":{"start":{"line":203,"column":6},"end":{"line":203,"column":60}},"52":{"start":{"line":204,"column":6},"end":{"line":204,"column":22}},"53":{"start":{"line":209,"column":21},"end":{"line":211,"column":3}},"54":{"start":{"line":210,"column":4},"end":{"line":210,"column":51}},"55":{"start":{"line":210,"column":33},"end":{"line":210,"column":49}},"56":{"start":{"line":214,"column":23},"end":{"line":216,"column":3}},"57":{"start":{"line":215,"column":4},"end":{"line":215,"column":59}},"58":{"start":{"line":215,"column":37},"end":{"line":215,"column":57}},"59":{"start":{"line":219,"column":27},"end":{"line":221,"column":3}},"60":{"start":{"line":220,"column":4},"end":{"line":220,"column":45}},"61":{"start":{"line":224,"column":23},"end":{"line":226,"column":3}},"62":{"start":{"line":225,"column":4},"end":{"line":225,"column":39}},"63":{"start":{"line":229,"column":40},"end":{"line":231,"column":3}},"64":{"start":{"line":230,"column":4},"end":{"line":230,"column":77}},"65":{"start":{"line":230,"column":41},"end":{"line":230,"column":75}},"66":{"start":{"line":233,"column":34},"end":{"line":250,"column":3}},"67":{"start":{"line":252,"column":2},"end":{"line":252,"column":81}},"68":{"start":{"line":256,"column":24},"end":{"line":262,"column":1}},"69":{"start":{"line":257,"column":18},"end":{"line":257,"column":42}},"70":{"start":{"line":258,"column":2},"end":{"line":260,"column":3}},"71":{"start":{"line":259,"column":4},"end":{"line":259,"column":68}},"72":{"start":{"line":261,"column":2},"end":{"line":261,"column":17}}},"fnMap":{"0":{"name":"(anonymous_0)","decl":{"start":{"line":128,"column":64},"end":{"line":128,"column":65}},"loc":{"start":{"line":128,"column":82},"end":{"line":253,"column":1}},"line":128},"1":{"name":"(anonymous_1)","decl":{"start":{"line":135,"column":18},"end":{"line":135,"column":19}},"loc":{"start":{"line":135,"column":37},"end":{"line":144,"column":3}},"line":135},"2":{"name":"(anonymous_2)","decl":{"start":{"line":136,"column":17},"end":{"line":136,"column":18}},"loc":{"start":{"line":136,"column":25},"end":{"line":143,"column":5}},"line":136},"3":{"name":"(anonymous_3)","decl":{"start":{"line":138,"column":20},"end":{"line":138,"column":21}},"loc":{"start":{"line":138,"column":32},"end":{"line":138,"column":54}},"line":138},"4":{"name":"(anonymous_4)","decl":{"start":{"line":147,"column":20},"end":{"line":147,"column":21}},"loc":{"start":{"line":147,"column":39},"end":{"line":153,"column":3}},"line":147},"5":{"name":"(anonymous_5)","decl":{"start":{"line":148,"column":17},"end":{"line":148,"column":18}},"loc":{"start":{"line":148,"column":25},"end":{"line":152,"column":5}},"line":148},"6":{"name":"(anonymous_6)","decl":{"start":{"line":149,"column":35},"end":{"line":149,"column":36}},"loc":{"start":{"line":149,"column":42},"end":{"line":149,"column":58}},"line":149},"7":{"name":"(anonymous_7)","decl":{"start":{"line":156,"column":20},"end":{"line":156,"column":21}},"loc":{"start":{"line":156,"column":43},"end":{"line":165,"column":3}},"line":156},"8":{"name":"(anonymous_8)","decl":{"start":{"line":157,"column":19},"end":{"line":157,"column":20}},"loc":{"start":{"line":157,"column":27},"end":{"line":164,"column":5}},"line":157},"9":{"name":"(anonymous_9)","decl":{"start":{"line":159,"column":20},"end":{"line":159,"column":21}},"loc":{"start":{"line":159,"column":34},"end":{"line":159,"column":60}},"line":159},"10":{"name":"(anonymous_10)","decl":{"start":{"line":168,"column":22},"end":{"line":168,"column":23}},"loc":{"start":{"line":168,"column":43},"end":{"line":174,"column":3}},"line":168},"11":{"name":"(anonymous_11)","decl":{"start":{"line":169,"column":19},"end":{"line":169,"column":20}},"loc":{"start":{"line":169,"column":27},"end":{"line":173,"column":5}},"line":169},"12":{"name":"(anonymous_12)","decl":{"start":{"line":170,"column":35},"end":{"line":170,"column":36}},"loc":{"start":{"line":170,"column":44},"end":{"line":170,"column":64}},"line":170},"13":{"name":"(anonymous_13)","decl":{"start":{"line":177,"column":24},"end":{"line":177,"column":25}},"loc":{"start":{"line":177,"column":45},"end":{"line":186,"column":3}},"line":177},"14":{"name":"(anonymous_14)","decl":{"start":{"line":178,"column":23},"end":{"line":178,"column":24}},"loc":{"start":{"line":178,"column":31},"end":{"line":185,"column":5}},"line":178},"15":{"name":"(anonymous_15)","decl":{"start":{"line":182,"column":39},"end":{"line":182,"column":40}},"loc":{"start":{"line":182,"column":44},"end":{"line":182,"column":60}},"line":182},"16":{"name":"(anonymous_16)","decl":{"start":{"line":189,"column":21},"end":{"line":189,"column":22}},"loc":{"start":{"line":189,"column":40},"end":{"line":197,"column":3}},"line":189},"17":{"name":"(anonymous_17)","decl":{"start":{"line":190,"column":19},"end":{"line":190,"column":20}},"loc":{"start":{"line":190,"column":27},"end":{"line":196,"column":5}},"line":190},"18":{"name":"(anonymous_18)","decl":{"start":{"line":200,"column":33},"end":{"line":200,"column":34}},"loc":{"start":{"line":200,"column":52},"end":{"line":206,"column":3}},"line":200},"19":{"name":"(anonymous_19)","decl":{"start":{"line":201,"column":19},"end":{"line":201,"column":20}},"loc":{"start":{"line":201,"column":27},"end":{"line":205,"column":5}},"line":201},"20":{"name":"(anonymous_20)","decl":{"start":{"line":202,"column":35},"end":{"line":202,"column":36}},"loc":{"start":{"line":202,"column":41},"end":{"line":202,"column":53}},"line":202},"21":{"name":"(anonymous_21)","decl":{"start":{"line":209,"column":21},"end":{"line":209,"column":22}},"loc":{"start":{"line":209,"column":49},"end":{"line":211,"column":3}},"line":209},"22":{"name":"(anonymous_22)","decl":{"start":{"line":210,"column":26},"end":{"line":210,"column":27}},"loc":{"start":{"line":210,"column":33},"end":{"line":210,"column":49}},"line":210},"23":{"name":"(anonymous_23)","decl":{"start":{"line":214,"column":23},"end":{"line":214,"column":24}},"loc":{"start":{"line":214,"column":53},"end":{"line":216,"column":3}},"line":214},"24":{"name":"(anonymous_24)","decl":{"start":{"line":215,"column":28},"end":{"line":215,"column":29}},"loc":{"start":{"line":215,"column":37},"end":{"line":215,"column":57}},"line":215},"25":{"name":"(anonymous_25)","decl":{"start":{"line":219,"column":27},"end":{"line":219,"column":28}},"loc":{"start":{"line":219,"column":57},"end":{"line":221,"column":3}},"line":219},"26":{"name":"(anonymous_26)","decl":{"start":{"line":224,"column":23},"end":{"line":224,"column":24}},"loc":{"start":{"line":224,"column":51},"end":{"line":226,"column":3}},"line":224},"27":{"name":"(anonymous_27)","decl":{"start":{"line":229,"column":40},"end":{"line":229,"column":41}},"loc":{"start":{"line":229,"column":63},"end":{"line":231,"column":3}},"line":229},"28":{"name":"(anonymous_28)","decl":{"start":{"line":230,"column":32},"end":{"line":230,"column":33}},"loc":{"start":{"line":230,"column":41},"end":{"line":230,"column":75}},"line":230},"29":{"name":"(anonymous_29)","decl":{"start":{"line":256,"column":24},"end":{"line":256,"column":25}},"loc":{"start":{"line":256,"column":30},"end":{"line":262,"column":1}},"line":256}},"branchMap":{"0":{"loc":{"start":{"line":138,"column":6},"end":{"line":140,"column":7}},"type":"if","locations":[{"start":{"line":138,"column":6},"end":{"line":140,"column":7}},{"start":{},"end":{}}],"line":138},"1":{"loc":{"start":{"line":159,"column":6},"end":{"line":161,"column":7}},"type":"if","locations":[{"start":{"line":159,"column":6},"end":{"line":161,"column":7}},{"start":{},"end":{}}],"line":159},"2":{"loc":{"start":{"line":179,"column":6},"end":{"line":181,"column":7}},"type":"if","locations":[{"start":{"line":179,"column":6},"end":{"line":181,"column":7}},{"start":{},"end":{}}],"line":179},"3":{"loc":{"start":{"line":183,"column":38},"end":{"line":183,"column":61}},"type":"binary-expr","locations":[{"start":{"line":183,"column":38},"end":{"line":183,"column":50}},{"start":{"line":183,"column":54},"end":{"line":183,"column":61}}],"line":183},"4":{"loc":{"start":{"line":191,"column":6},"end":{"line":193,"column":7}},"type":"if","locations":[{"start":{"line":191,"column":6},"end":{"line":193,"column":7}},{"start":{},"end":{}}],"line":191},"5":{"loc":{"start":{"line":258,"column":2},"end":{"line":260,"column":3}},"type":"if","locations":[{"start":{"line":258,"column":2},"end":{"line":260,"column":3}},{"start":{},"end":{}}],"line":258}},"s":{"0":1,"1":1,"2":1,"3":0,"4":0,"5":0,"6":0,"7":0,"8":0,"9":0,"10":0,"11":0,"12":0,"13":0,"14":0,"15":0,"16":0,"17":0,"18":0,"19":0,"20":0,"21":0,"22":0,"23":0,"24":0,"25":0,"26":0,"27":0,"28":0,"29":0,"30":0,"31":0,"32":0,"33":0,"34":0,"35":0,"36":0,"37":0,"38":0,"39":0,"40":0,"41":0,"42":0,"43":0,"44":0,"45":0,"46":0,"47":0,"48":0,"49":0,"50":0,"51":0,"52":0,"53":0,"54":0,"55":0,"56":0,"57":0,"58":0,"59":0,"60":0,"61":0,"62":0,"63":0,"64":0,"65":0,"66":0,"67":0,"68":1,"69":0,"70":0,"71":0,"72":0},"f":{"0":0,"1":0,"2":0,"3":0,"4":0,"5":0,"6":0,"7":0,"8":0,"9":0,"10":0,"11":0,"12":0,"13":0,"14":0,"15":0,"16":0,"17":0,"18":0,"19":0,"20":0,"21":0,"22":0,"23":0,"24":0,"25":0,"26":0,"27":0,"28":0,"29":0},"b":{"0":[0,0],"1":[0,0],"2":[0,0],"3":[0,0],"4":[0,0],"5":[0,0]},"_coverageSchema":"1a1c01bbd47fc00a2c39e90264f33305004495a9","hash":"89c9cc6390d1d050e46c259ce9d58a75bc52db49"}
}
