TN:
SF:app\context\SavedContext.tsx
FN:128,(anonymous_0)
FN:135,(anonymous_1)
FN:136,(anonymous_2)
FN:138,(anonymous_3)
FN:147,(anonymous_4)
FN:148,(anonymous_5)
FN:149,(anonymous_6)
FN:156,(anonymous_7)
FN:157,(anonymous_8)
FN:159,(anonymous_9)
FN:168,(anonymous_10)
FN:169,(anonymous_11)
FN:170,(anonymous_12)
FN:177,(anonymous_13)
FN:178,(anonymous_14)
FN:182,(anonymous_15)
FN:189,(anonymous_16)
FN:190,(anonymous_17)
FN:200,(anonymous_18)
FN:201,(anonymous_19)
FN:202,(anonymous_20)
FN:209,(anonymous_21)
FN:210,(anonymous_22)
FN:214,(anonymous_23)
FN:215,(anonymous_24)
FN:219,(anonymous_25)
FN:224,(anonymous_26)
FN:229,(anonymous_27)
FN:230,(anonymous_28)
FN:256,(anonymous_29)
FNF:30
FNH:0
FNDA:0,(anonymous_0)
FNDA:0,(anonymous_1)
FNDA:0,(anonymous_2)
FNDA:0,(anonymous_3)
FNDA:0,(anonymous_4)
FNDA:0,(anonymous_5)
FNDA:0,(anonymous_6)
FNDA:0,(anonymous_7)
FNDA:0,(anonymous_8)
FNDA:0,(anonymous_9)
FNDA:0,(anonymous_10)
FNDA:0,(anonymous_11)
FNDA:0,(anonymous_12)
FNDA:0,(anonymous_13)
FNDA:0,(anonymous_14)
FNDA:0,(anonymous_15)
FNDA:0,(anonymous_16)
FNDA:0,(anonymous_17)
FNDA:0,(anonymous_18)
FNDA:0,(anonymous_19)
FNDA:0,(anonymous_20)
FNDA:0,(anonymous_21)
FNDA:0,(anonymous_22)
FNDA:0,(anonymous_23)
FNDA:0,(anonymous_24)
FNDA:0,(anonymous_25)
FNDA:0,(anonymous_26)
FNDA:0,(anonymous_27)
FNDA:0,(anonymous_28)
FNDA:0,(anonymous_29)
DA:57,1
DA:60,1
DA:128,1
DA:129,0
DA:130,0
DA:131,0
DA:132,0
DA:135,0
DA:136,0
DA:138,0
DA:139,0
DA:141,0
DA:142,0
DA:147,0
DA:148,0
DA:149,0
DA:150,0
DA:151,0
DA:156,0
DA:157,0
DA:159,0
DA:160,0
DA:162,0
DA:163,0
DA:168,0
DA:169,0
DA:170,0
DA:171,0
DA:172,0
DA:177,0
DA:178,0
DA:179,0
DA:180,0
DA:182,0
DA:183,0
DA:184,0
DA:189,0
DA:190,0
DA:191,0
DA:192,0
DA:194,0
DA:195,0
DA:200,0
DA:201,0
DA:202,0
DA:203,0
DA:204,0
DA:209,0
DA:210,0
DA:214,0
DA:215,0
DA:219,0
DA:220,0
DA:224,0
DA:225,0
DA:229,0
DA:230,0
DA:233,0
DA:252,0
DA:256,1
DA:257,0
DA:258,0
DA:259,0
DA:261,0
LF:64
LH:4
BRDA:138,0,0,0
BRDA:138,0,1,0
BRDA:159,1,0,0
BRDA:159,1,1,0
BRDA:179,2,0,0
BRDA:179,2,1,0
BRDA:183,3,0,0
BRDA:183,3,1,0
BRDA:191,4,0,0
BRDA:191,4,1,0
BRDA:258,5,0,0
BRDA:258,5,1,0
BRF:12
BRH:0
end_of_record
